<?xml version="1.0" encoding="UTF-8"?>
<testsuite xmlns:xsi="http://www.w3.org/2001/XMLSchema-instance" xsi:noNamespaceSchemaLocation="https://maven.apache.org/surefire/maven-surefire-plugin/xsd/surefire-test-report.xsd" name="GitHub Create Repo Endpoint Scenarios" time="2.972" tests="2" errors="0" skipped="0" failures="2">
  <properties>
[...]
</properties>
  <testcase name="Create organization repository #1" classname="GitHub Create Repo Endpoint Scenarios" time="2.202">
    <failure message="1 expectation failed.&#10;Expected status code &lt;201&gt; but was &lt;422&gt;.&#10;" type="java.lang.AssertionError"><![CDATA[java.lang.AssertionError: 
1 expectation failed.
Expected status code <201> but was <422>.

]]></failure>
    <system-out><![CDATA[Feb 04, 2024 6:20:41 PM tech.grasshopper.pdf.PDFCucumberReport collectReportConfiguration
INFO: PDF report configuration YAML file not found. Using default settings.
Request method:	POST
Request URI:	https://api.github.com/orgs/ckjavahelpmate/repos
Proxy:			<none>
Request params:	<none>
Query params:	<none>
Form params:	<none>
Path params:	orgName=ckjavahelpmate
Headers:		Authorization=Bearer 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
				Accept=*/*
				Content-Type=application/json
Cookies:		<none>
Multiparts:		<none>
Body:
java.io.FileInputStream@70d1cd7
==================================================================================================================================
]]></system-out>
  </testcase>
  <testcase name="Create organization repository #2" classname="GitHub Create Repo Endpoint Scenarios" time="0.77">
    <failure message="1 expectation failed.&#10;Expected status code &lt;201&gt; but was &lt;422&gt;.&#10;" type="java.lang.AssertionError"><![CDATA[java.lang.AssertionError: 
1 expectation failed.
Expected status code <201> but was <422>.

]]></failure>
    <system-out><![CDATA[Request method:	POST
Request URI:	https://api.github.com/orgs/ckjavahelpmate/repos
Proxy:			<none>
Request params:	<none>
Query params:	<none>
Form params:	<none>
Path params:	orgName=ckjavahelpmate
Headers:		Authorization=Bearer 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
				Accept=*/*
				Content-Type=application/json
Cookies:		<none>
Multiparts:		<none>
Body:
{
    "name": "DemoRepo-09",
    "description": "Deserialization repo-05",
    "private": true
}
==================================================================================================================================
]]></system-out>
  </testcase>
</testsuite>