<?xml version="1.0" encoding="UTF-8" ?>
<testsuite tests="8" failures="0" name="com.testrunner.TestRunner" time="6.756" errors="0" skipped="0">
  <properties>
[...]
</properties>
  <testcase classname="List Organization repositories Endpoint Scenarios" name="Fetch all the public repos for valid org" time="2.044"/>
  <testcase classname="List Organization repositories Endpoint Scenarios" name="Fetch all the public repos for inavlid org" time="0.462"/>
  <testcase classname="List Organization repositories Endpoint Scenarios" name="Fetch all the public repos for valid org with token" time="0.999"/>
  <testcase classname="List Organization repositories Endpoint Scenarios" name="Fetch all the private repos for valid org with token" time="0.637"/>
  <testcase classname="List Organization repositories Endpoint Scenarios" name="Fetch all the public repos for valid org with per page #1" time="0.605"/>
  <testcase classname="List Organization repositories Endpoint Scenarios" name="Fetch all the public repos for valid org with per page #2" time="0.998"/>
  <testcase classname="List Organization repositories Endpoint Scenarios" name="Fetch all the public repos for valid org with per page #3" time="0.547"/>
  <testcase classname="List Organization repositories Endpoint Scenarios" name="Fetch all the public repos for valid org with per page #4" time="0.464"/>
</testsuite>